<?xml version="1.0" encoding="UTF-8"?>
<!-- Generated by org.testng.reporters.JUnitReportReporter -->
<testsuite hostname="LAPTOP-M52UB2C3" failures="0" tests="1" name="demo.Demo" time="0.444" errors="0" timestamp="2023-09-14T00:35:55 IST" skipped="0">
  <testcase classname="demo.Demo" name="test" time="0.444"/>
  <system-out/>
</testsuite> <!-- demo.Demo -->
