<?xml version="1.0" encoding="UTF-8"?>
<!-- Generated by org.testng.reporters.JUnitReportReporter -->
<testsuite hostname="LAPTOP-M52UB2C3" failures="0" tests="1" name="seleniumassignments.BrokenLinks" time="1.899" errors="0" timestamp="2021-09-02T12:30:25 IST" skipped="0">
  <testcase classname="seleniumassignments.BrokenLinks" name="test" time="1.899"/>
  <system-out/>
</testsuite> <!-- seleniumassignments.BrokenLinks -->
