<?xml version="1.0" encoding="UTF-8"?>
<!-- Generated by org.testng.reporters.JUnitReportReporter -->
<testsuite hostname="LAPTOP-M52UB2C3" failures="0" tests="2" name="seleniumassignments.Annotations" time="0.006" errors="0" timestamp="2021-09-02T12:34:43 IST" skipped="0">
  <testcase classname="seleniumassignments.Annotations" name="f" time="0.002"/>
  <system-out/>
  <testcase classname="seleniumassignments.Annotations" name="f" time="0.004"/>
  <system-out/>
</testsuite> <!-- seleniumassignments.Annotations -->
