<?xml version="1.0" encoding="UTF-8"?>
<!-- Generated by org.testng.reporters.JUnitReportReporter -->
<testsuite hostname="LAPTOP-M52UB2C3" failures="0" tests="1" name="seleniumassignments.PassingWithoutSendKeys" time="0.165" errors="0" timestamp="2021-09-02T13:13:52 IST" skipped="0">
  <testcase classname="seleniumassignments.PassingWithoutSendKeys" name="f" time="0.165"/>
  <system-out/>
</testsuite> <!-- seleniumassignments.PassingWithoutSendKeys -->
