<?xml version="1.0" encoding="UTF-8"?>
<!-- Generated by org.testng.reporters.JUnitReportReporter -->
<testsuite hostname="LAPTOP-M52UB2C3" failures="0" tests="3" name="seleniumassignments.Data_Provider" time="12.884" errors="0" timestamp="2021-09-02T12:42:30 IST" skipped="0">
  <testcase classname="seleniumassignments.Data_Provider" name="test" time="7.752"/>
  <system-out/>
  <testcase classname="seleniumassignments.Data_Provider" name="test" time="2.674"/>
  <system-out/>
  <testcase classname="seleniumassignments.Data_Provider" name="test" time="2.458"/>
  <system-out/>
</testsuite> <!-- seleniumassignments.Data_Provider -->
