<?xml version="1.0" encoding="UTF-8"?>
<!-- Generated by org.testng.reporters.JUnitReportReporter -->
<testsuite hostname="LAPTOP-M52UB2C3" failures="0" tests="1" name="seleniumassignments.PassingSendKeys" time="0.032" errors="0" timestamp="2023-09-13T22:40:15 IST" skipped="0">
  <testcase classname="seleniumassignments.PassingSendKeys" name="function" time="0.032"/>
  <system-out/>
</testsuite> <!-- seleniumassignments.PassingSendKeys -->
