<?xml version="1.0" encoding="UTF-8"?>
<!-- Generated by org.testng.reporters.JUnitReportReporter -->
<testsuite hostname="LAPTOP-M52UB2C3" failures="0" tests="1" name="seleniumassignments.Pincode" time="17.401" errors="0" timestamp="2021-09-02T13:20:19 IST" skipped="0">
  <testcase classname="seleniumassignments.Pincode" name="test" time="17.401"/>
  <system-out/>
</testsuite> <!-- seleniumassignments.Pincode -->
